<?xml version="1.0" encoding="UTF-8"?>
<!-- Generated by org.testng.reporters.JUnitReportReporter -->
<testsuite hostname="LAPTOP-C9GCE5DU" failures="0" tests="1" name="com.sel.test.ShadowDomHandle" time="9.786" errors="0" timestamp="2021-03-14T19:30:39 IST" skipped="0">
  <testcase classname="com.sel.test.ShadowDomHandle" name="shadowTest" time="9.786"/>
  <system-out/>
</testsuite> <!-- com.sel.test.ShadowDomHandle -->
